<?xml version="1.0" encoding="UTF-8"?>
<!-- Generated by org.testng.reporters.JUnitReportReporter -->
<testsuite hostname="hp" failures="0" tests="1" name="com.demoProject.testCases.TC_002_DataDrivenLoginTest" time="16.663" errors="0" timestamp="08 Jan 2023 01:52:22 GMT" skipped="0">
  <testcase classname="com.demoProject.testCases.TC_002_DataDrivenLoginTest" name="ddLoginTest" time="16.663"/>
</testsuite> <!-- com.demoProject.testCases.TC_002_DataDrivenLoginTest -->
