<?xml version="1.0" encoding="UTF-8"?>
<!-- Generated by org.testng.reporters.JUnitReportReporter -->
<testsuite hostname="hp" failures="0" tests="1" name="com.demoProject.testCases.TC_001_Login" time="5.205" errors="0" timestamp="07 Jan 2023 05:00:52 GMT" skipped="0">
  <testcase classname="com.demoProject.testCases.TC_001_Login" name="loginTest" time="5.205"/>
</testsuite> <!-- com.demoProject.testCases.TC_001_Login -->
