<?xml version="1.0" encoding="UTF-8"?>
<!-- Generated by org.testng.reporters.JUnitReportReporter -->
<testsuite hostname="hp" failures="0" tests="1" name="com.demoProject.testCases.TC_001_LoginTest" time="4.972" errors="0" timestamp="08 Jan 2023 01:52:22 GMT" skipped="0">
  <testcase classname="com.demoProject.testCases.TC_001_LoginTest" name="loginTest" time="4.972"/>
</testsuite> <!-- com.demoProject.testCases.TC_001_LoginTest -->
