<?xml version="1.0" encoding="UTF-8"?>
<!-- Generated by org.testng.reporters.JUnitReportReporter -->
<testsuite hostname="hp" failures="0" tests="1" name="com.demoProject.testCases.TC_002_DataDrivenLoginTest" time="15.243" errors="0" timestamp="14 Jan 2023 10:40:23 GMT" skipped="0">
  <testcase classname="com.demoProject.testCases.TC_002_DataDrivenLoginTest" name="ddLoginTest" time="15.243"/>
</testsuite> <!-- com.demoProject.testCases.TC_002_DataDrivenLoginTest -->
